# JRE version: OpenJDK Runtime Environment AdoptOpenJDK-11.0.11+9 (11.0.11+9) (build 11.0.11+9)
# Java VM: OpenJDK 64-Bit Server VM AdoptOpenJDK-11.0.11+9 (11.0.11+9, mixed mode, tiered, compressed oops, g1 gc, windows-amd64)
Heap:
 garbage-first heap   total 63488K, used 17469K [0x00000000e0000000, 0x0000000100000000)
  region size 1024K, 9 young (9216K), 3 survivors (3072K)
 Metaspace       used 28601K, capacity 29616K, committed 29872K, reserved 1075200K
  class space    used 3386K, capacity 3806K, committed 3840K, reserved 1048576K
GC Heap History (10 events):
Event: 1.717 GC heap before
{Heap before GC invocations=0 (full 0):
 garbage-first heap   total 63488K, used 13312K [0x00000000e0000000, 0x0000000100000000)
  region size 1024K, 14 young (14336K), 0 survivors (0K)
 Metaspace       used 10939K, capacity 11205K, committed 11520K, reserved 1058816K
  class space    used 1095K, capacity 1175K, committed 1280K, reserved 1048576K
}
Event: 1.735 GC heap after
{Heap after GC invocations=1 (full 0):
 garbage-first heap   total 63488K, used 5278K [0x00000000e0000000, 0x0000000100000000)
  region size 1024K, 2 young (2048K), 2 survivors (2048K)
 Metaspace       used 10939K, capacity 11205K, committed 11520K, reserved 1058816K
  class space    used 1095K, capacity 1175K, committed 1280K, reserved 1048576K
}
Event: 2.402 GC heap before
{Heap before GC invocations=1 (full 0):
 garbage-first heap   total 63488K, used 9374K [0x00000000e0000000, 0x0000000100000000)
  region size 1024K, 6 young (6144K), 2 survivors (2048K)
 Metaspace       used 12513K, capacity 12807K, committed 13056K, reserved 1060864K
  class space    used 1313K, capacity 1412K, committed 1536K, reserved 1048576K
}
Event: 2.450 GC heap after
{Heap after GC invocations=2 (full 0):
 garbage-first heap   total 63488K, used 5624K [0x00000000e0000000, 0x0000000100000000)
  region size 1024K, 1 young (1024K), 1 survivors (1024K)
 Metaspace       used 12513K, capacity 12807K, committed 13056K, reserved 1060864K
  class space    used 1313K, capacity 1412K, committed 1536K, reserved 1048576K
}
Event: 3.536 GC heap before
{Heap before GC invocations=2 (full 0):
 garbage-first heap   total 63488K, used 24056K [0x00000000e0000000, 0x0000000100000000)
  region size 1024K, 20 young (20480K), 1 survivors (1024K)
 Metaspace       used 16208K, capacity 16898K, committed 17024K, reserved 1064960K
  class space    used 1851K, capacity 2088K, committed 2176K, reserved 1048576K
}
Event: 3.539 GC heap after
{Heap after GC invocations=3 (full 0):
 garbage-first heap   total 63488K, used 6456K [0x00000000e0000000, 0x0000000100000000)
  region size 1024K, 2 young (2048K), 2 survivors (2048K)
 Metaspace       used 16208K, capacity 16898K, committed 17024K, reserved 1064960K
  class space    used 1851K, capacity 2088K, committed 2176K, reserved 1048576K
}
Event: 4.822 GC heap before
{Heap before GC invocations=3 (full 0):
 garbage-first heap   total 63488K, used 28984K [0x00000000e0000000, 0x0000000100000000)
  region size 1024K, 26 young (26624K), 2 survivors (2048K)
 Metaspace       used 20470K, capacity 21140K, committed 21296K, reserved 1069056K
  class space    used 2322K, capacity 2607K, committed 2688K, reserved 1048576K
}
Event: 4.835 GC heap after
{Heap after GC invocations=4 (full 0):
 garbage-first heap   total 63488K, used 9553K [0x00000000e0000000, 0x0000000100000000)
  region size 1024K, 4 young (4096K), 4 survivors (4096K)
 Metaspace       used 20470K, capacity 21140K, committed 21296K, reserved 1069056K
  class space    used 2322K, capacity 2607K, committed 2688K, reserved 1048576K
}
Event: 5.564 GC heap before
{Heap before GC invocations=5 (full 0):
 garbage-first heap   total 63488K, used 37201K [0x00000000e0000000, 0x0000000100000000)
  region size 1024K, 31 young (31744K), 4 survivors (4096K)
 Metaspace       used 23027K, capacity 23815K, committed 23984K, reserved 1071104K
  class space    used 2645K, capacity 2969K, committed 3072K, reserved 1048576K
}
Event: 5.573 GC heap after
{Heap after GC invocations=6 (full 0):
 garbage-first heap   total 63488K, used 11331K [0x00000000e0000000, 0x0000000100000000)
  region size 1024K, 2 young (2048K), 2 survivors (2048K)
 Metaspace       used 23027K, capacity 23815K, committed 23984K, reserved 1071104K
  class space    used 2645K, capacity 2969K, committed 3072K, reserved 1048576K
}

